<?xml version="1.0" encoding="UTF-8"?>
<!-- Generated by org.testng.reporters.JUnitReportReporter -->
<testsuite hostname="DESKTOP-GUPA5RI" failures="0" tests="4" name="com.qa.APITestFunction.getCallTest" time="5.047" errors="0" timestamp="2021-08-03T23:15:52 EDT" skipped="0">
  <testcase classname="com.qa.APITestFunction.getCallTest" name="putCall" time="0.488"/>
  <system-out/>
  <testcase classname="com.qa.APITestFunction.getCallTest" name="postCall" time="0.411"/>
  <system-out/>
  <testcase classname="com.qa.APITestFunction.getCallTest" name="deleteCall" time="0.394"/>
  <system-out/>
  <testcase classname="com.qa.APITestFunction.getCallTest" name="GetCall" time="3.754"/>
  <system-out/>
</testsuite> <!-- com.qa.APITestFunction.getCallTest -->
