<?xml version="1.0" encoding="UTF-8"?>
<!-- Generated by org.testng.reporters.JUnitReportReporter -->
<testsuite hostname="DESKTOP-GUPA5RI" failures="0" tests="2" name="com.qa.APITestFunction.getCallTest" time="2.622" errors="0" timestamp="2021-08-03T17:27:50 EDT" skipped="0">
  <testcase classname="com.qa.APITestFunction.getCallTest" name="test002" time="0.001"/>
  <system-out/>
  <testcase classname="com.qa.APITestFunction.getCallTest" name="f" time="2.621"/>
  <system-out/>
</testsuite> <!-- com.qa.APITestFunction.getCallTest -->
